	Babylon.js Exporter version: 1.8.0, Blender version: 2.76 (sub 0)
========= Conversion from Blender to Babylon.js =========
	Python World class constructor completed
	processing begun of material:  platformer.Material
	processing begun of material:  platformer.Material.001
	processing begun of material:  platformer.Material.002
	processing begun of material:  platformer.Material.003
	processing begun of material:  platformer.Material.004
	processing begun of material:  platformer.Material.005
	processing begun of material:  platformer.Material.006
	processing begun of material:  platformer.Material.007
	processing begun of material:  platformer.Material.008
	processing begun of material:  platformer.Material.009
	processing begun of material:  platformer.Material.010
	processing begun of material:  platformer.Material.011
	processing begun of material:  platformer.Material.012
	Diffuse texture found
Error encountered processing image file:  /home/claytonf/banana-run/blend/scenes/game-background.jpg, Error:  '/home/claytonf/banana-run/blend/scenes/game-background.jpg' and '/home/claytonf/banana-run/blend/scenes/game-background.jpg' are the same file
	processing begun of material:  platformer.Material.013
	processing begun of material:  platformer.Material.014
	processing begun of material:  platformer.Material.015
	processing begun of material:  platformer.Material.016
	processing begun of material:  platformer.Material.017
	processing begun of material:  platformer.Material.018
	processing begun of material:  platformer.Material.019
	processing begun of material:  platformer.Material.021
	processing begun of material:  platformer.Material.022
	processing begun of material:  platformer.Material.023
	processing begun of mesh:  Trigger.end
		num positions      :  8
		num normals        :  8
		num uvs            :  0
		num uvs2           :  0
		num colors         :  0
		num indices        :  36
	processing begun of mesh:  Cube.035
		processing begun of multimaterial:  platformer.Multimaterial#0
		num positions      :  555
		num normals        :  555
		num uvs            :  0
		num uvs2           :  0
		num colors         :  0
		num indices        :  2904
	processing begun of mesh:  Cube.034
		processing begun of multimaterial:  platformer.Multimaterial#1
		num positions      :  555
		num normals        :  555
		num uvs            :  0
		num uvs2           :  0
		num colors         :  0
		num indices        :  2904
	processing begun of mesh:  Cube.033
		processing begun of multimaterial:  platformer.Multimaterial#2
		num positions      :  555
		num normals        :  555
		num uvs            :  0
		num uvs2           :  0
		num colors         :  0
		num indices        :  2904
	processing begun of mesh:  Cube.032
		processing begun of multimaterial:  platformer.Multimaterial#3
		num positions      :  555
		num normals        :  555
		num uvs            :  0
		num uvs2           :  0
		num colors         :  0
		num indices        :  2904
	processing begun of mesh:  Cube.031
		processing begun of multimaterial:  platformer.Multimaterial#4
		num positions      :  555
		num normals        :  555
		num uvs            :  0
		num uvs2           :  0
		num colors         :  0
		num indices        :  2904
	processing begun of mesh:  Cube.030
		processing begun of multimaterial:  platformer.Multimaterial#5
		num positions      :  555
		num normals        :  555
		num uvs            :  0
		num uvs2           :  0
		num colors         :  0
		num indices        :  2904
	processing begun of mesh:  Cube.029
		processing begun of multimaterial:  platformer.Multimaterial#6
		num positions      :  555
		num normals        :  555
		num uvs            :  0
		num uvs2           :  0
		num colors         :  0
		num indices        :  2904
	processing begun of mesh:  Cube.028
		processing begun of multimaterial:  platformer.Multimaterial#7
		num positions      :  555
		num normals        :  555
		num uvs            :  0
		num uvs2           :  0
		num colors         :  0
		num indices        :  2904
	processing begun of mesh:  Cube.027
		processing begun of multimaterial:  platformer.Multimaterial#8
		num positions      :  555
		num normals        :  555
		num uvs            :  0
		num uvs2           :  0
		num colors         :  0
		num indices        :  2904
	processing begun of mesh:  Cube.026
		processing begun of multimaterial:  platformer.Multimaterial#9
		num positions      :  555
		num normals        :  555
		num uvs            :  0
		num uvs2           :  0
		num colors         :  0
		num indices        :  2904
	processing begun of mesh:  Cube.025
		processing begun of multimaterial:  platformer.Multimaterial#10
		num positions      :  555
		num normals        :  555
		num uvs            :  0
		num uvs2           :  0
		num colors         :  0
		num indices        :  2904
	processing begun of mesh:  Cube.024
		processing begun of multimaterial:  platformer.Multimaterial#11
		num positions      :  555
		num normals        :  555
		num uvs            :  0
		num uvs2           :  0
		num colors         :  0
		num indices        :  2904
	processing begun of mesh:  Cube.022
		processing begun of multimaterial:  platformer.Multimaterial#12
		num positions      :  555
		num normals        :  555
		num uvs            :  0
		num uvs2           :  0
		num colors         :  0
		num indices        :  2904
	processing begun of mesh:  Cube.021
		processing begun of multimaterial:  platformer.Multimaterial#13
		num positions      :  555
		num normals        :  555
		num uvs            :  0
		num uvs2           :  0
		num colors         :  0
		num indices        :  2904
	processing begun of mesh:  Cube.020
		processing begun of multimaterial:  platformer.Multimaterial#14
		num positions      :  555
		num normals        :  555
		num uvs            :  0
		num uvs2           :  0
		num colors         :  0
		num indices        :  2904
	processing begun of mesh:  Cube.019
		processing begun of multimaterial:  platformer.Multimaterial#15
		num positions      :  555
		num normals        :  555
		num uvs            :  0
		num uvs2           :  0
		num colors         :  0
		num indices        :  2904
	processing begun of mesh:  Cube.018
		processing begun of multimaterial:  platformer.Multimaterial#16
		num positions      :  555
		num normals        :  555
		num uvs            :  0
		num uvs2           :  0
		num colors         :  0
		num indices        :  2904
	processing begun of mesh:  Cube.017
		num positions      :  16
		num normals        :  16
		num uvs            :  0
		num uvs2           :  0
		num colors         :  0
		num indices        :  84
		WARNING: # of 0 area faces found:  8
	processing begun of mesh:  Cube.016
		num positions      :  16
		num normals        :  16
		num uvs            :  0
		num uvs2           :  0
		num colors         :  0
		num indices        :  84
		WARNING: # of 0 area faces found:  8
	processing begun of mesh:  Cube.011
		num positions      :  16
		num normals        :  16
		num uvs            :  0
		num uvs2           :  0
		num colors         :  0
		num indices        :  84
		WARNING: # of 0 area faces found:  8
	processing begun of mesh:  Cube.015
		num positions      :  14
		num normals        :  14
		num uvs            :  0
		num uvs2           :  0
		num colors         :  0
		num indices        :  60
	processing begun of mesh:  InitialSpawn
		WARNING:  No materials have been assigned: 
		num positions      :  8
		num normals        :  8
		num uvs            :  0
		num uvs2           :  0
		num colors         :  0
		num indices        :  36
	processing begun of mesh:  Cube.014
		num positions      :  12
		num normals        :  12
		num uvs            :  0
		num uvs2           :  0
		num colors         :  0
		num indices        :  60
	processing begun of mesh:  Cube.013
		num positions      :  12
		num normals        :  12
		num uvs            :  0
		num uvs2           :  0
		num colors         :  0
		num indices        :  60
	processing begun of mesh:  Cube.012
		num positions      :  16
		num normals        :  16
		num uvs            :  0
		num uvs2           :  0
		num colors         :  0
		num indices        :  84
		WARNING: # of 0 area faces found:  8
	processing begun of mesh:  Cube.010
		num positions      :  12
		num normals        :  12
		num uvs            :  0
		num uvs2           :  0
		num colors         :  0
		num indices        :  60
	processing begun of mesh:  Cube.009
		num positions      :  28
		num normals        :  28
		num uvs            :  0
		num uvs2           :  0
		num colors         :  0
		num indices        :  156
	processing begun of mesh:  Cube.008
		num positions      :  16
		num normals        :  16
		num uvs            :  0
		num uvs2           :  0
		num colors         :  0
		num indices        :  84
	processing begun of mesh:  Cube.006
		num positions      :  12
		num normals        :  12
		num uvs            :  0
		num uvs2           :  0
		num colors         :  0
		num indices        :  60
	processing begun of mesh:  Cube.005
		num positions      :  12
		num normals        :  12
		num uvs            :  0
		num uvs2           :  0
		num colors         :  0
		num indices        :  60
	processing begun of mesh:  Cube.004
		num positions      :  12
		num normals        :  12
		num uvs            :  0
		num uvs2           :  0
		num colors         :  0
		num indices        :  60
	processing begun of mesh:  Cube.003
		num positions      :  12
		num normals        :  12
		num uvs            :  0
		num uvs2           :  0
		num colors         :  0
		num indices        :  60
	processing begun of mesh:  Cube.002
		num positions      :  14
		num normals        :  14
		num uvs            :  0
		num uvs2           :  0
		num colors         :  0
		num indices        :  60
	processing begun of mesh:  Cube.001
		num positions      :  12
		num normals        :  12
		num uvs            :  0
		num uvs2           :  0
		num colors         :  0
		num indices        :  60
	processing begun of mesh:  Cube
		num positions      :  12
		num normals        :  12
		num uvs            :  0
		num uvs2           :  0
		num colors         :  0
		num indices        :  60
	processing begun of mesh:  trigger.kill
		num positions      :  8
		num normals        :  8
		num uvs            :  0
		num uvs2           :  0
		num colors         :  0
		num indices        :  36
	processing begun of mesh:  Plane.001
		num positions      :  4
		num normals        :  4
		num uvs            :  8
		num uvs2           :  0
		num colors         :  0
		num indices        :  6
	processing begun of mesh:  Cube.007
		num positions      :  8
		num normals        :  8
		num uvs            :  0
		num uvs2           :  0
		num colors         :  0
		num indices        :  36
	processing begun of mesh:  Plane
		num positions      :  8
		num normals        :  8
		num uvs            :  0
		num uvs2           :  0
		num colors         :  0
		num indices        :  36
	processing begun of camera (FreeCamera):  Camera
	processing begun of light (HEMI):  Lamp
========= Writing of scene file started =========
========= Writing of scene file completed =========
========= end of processing =========
